Arguments: 
  C:\Program Files\nodejs\node.exe C:\Users\Admin\AppData\Roaming\npm\node_modules\yarn\bin\yarn.js build

PATH: 
  C:\WINDOWS\system32;C:\WINDOWS;C:\WINDOWS\System32\Wbem;C:\WINDOWS\System32\WindowsPowerShell\v1.0\;C:\WINDOWS\System32\OpenSSH\;C:\Program Files\Git\cmd;C:\Program Files\nodejs\;C:\Program Files\GitHub CLI\;C:\Users\Admin\AppData\Local\Microsoft\WindowsApps;C:\Users\Admin\AppData\Local\Programs\Microsoft VS Code\bin;C:\Users\Admin\AppData\Local\GitHubDesktop\bin;C:\Users\Admin\AppData\Roaming\npm

Yarn version: 
  1.22.19

Node version: 
  18.17.1

Platform: 
  win32 x64

Trace: 
  SyntaxError: C:\Users\Admin\Documents\BiolaPortfolio\package.json: Unexpected token / in JSON at position 0
      at JSON.parse (<anonymous>)
      at C:\Users\Admin\AppData\Roaming\npm\node_modules\yarn\lib\cli.js:1629:59
      at Generator.next (<anonymous>)
      at step (C:\Users\Admin\AppData\Roaming\npm\node_modules\yarn\lib\cli.js:310:30)
      at C:\Users\Admin\AppData\Roaming\npm\node_modules\yarn\lib\cli.js:321:13

npm manifest: 
  // {
  //   "name": "webporfolio",
  //   "version": "0.1.0",
  //   "private": true,
  //   "dependencies": {
  //     "@testing-library/jest-dom": "^5.17.0",
  //     "@testing-library/react": "^13.4.0",
  //     "@testing-library/user-event": "^13.5.0",
  //     "react": "^18.2.0",
  //     "react-dom": "^18.2.0",
  //     "react-scripts": "5.0.1",
  //     "web-vitals": "^2.1.4"
  //   },
  //   "scripts": {
  //     "start": "react-scripts start",
  //     "build": "react-scripts build",
  //     "test": "react-scripts test",
  //     "eject": "react-scripts eject"
  //   },
  //   "eslintConfig": {
  //     "extends": [
  //       "react-app",
  //       "react-app/jest"
  //     ]
  //   },
  //   "browserslist": {
  //     "production": [
  //       ">0.2%",
  //       "not dead",
  //       "not op_mini all"
  //     ],
  //     "development": [
  //       "last 1 chrome version",
  //       "last 1 firefox version",
  //       "last 1 safari version"
  //     ]
  //   },
  //   "devDependencies": {
  //     "tailwindcss": "^3.3.5"
  //   }
  // }

yarn manifest: 
  No manifest

Lockfile: 
  No lockfile
